<?xml version="1.0" encoding="UTF-8"?>
<testng-results skipped="0" failed="0" ignored="0" total="1" passed="1">
  <reporter-output>
  </reporter-output>
  <suite name="Default suite" duration-ms="33523" started-at="2017-12-06T23:06:42Z" finished-at="2017-12-06T23:07:15Z">
    <groups>
    </groups>
    <test name="Default test" duration-ms="33523" started-at="2017-12-06T23:06:42Z" finished-at="2017-12-06T23:07:15Z">
      <class name="testScript.TestScripts">
        <test-method status="PASS" signature="setup()[pri:0, instance:testScript.TestScripts@548a9f61]" name="setup" is-config="true" duration-ms="29025" started-at="2017-12-06T15:06:42Z" finished-at="2017-12-06T15:07:11Z">
          <reporter-output>
          </reporter-output>
        </test-method> <!-- setup -->
        <test-method status="PASS" signature="loginPage1()[pri:1, instance:testScript.TestScripts@548a9f61]" name="loginPage1" duration-ms="4488" started-at="2017-12-06T15:07:11Z" finished-at="2017-12-06T15:07:15Z">
          <reporter-output>
          </reporter-output>
        </test-method> <!-- loginPage1 -->
      </class> <!-- testScript.TestScripts -->
    </test> <!-- Default test -->
  </suite> <!-- Default suite -->
</testng-results>
